schedule-disk/android/app/build/intermediates/manifest_merge_blame_file/release/processReleaseMainManifest/manifest-merger-blame-release-report.txt
1<?xml version="1.0" encoding="utf-8"?>
2<manifest xmlns:android="http://schemas.android.com/apk/res/android"
3    package="com.orbit.schedule"
4    android:versionCode="4"
5    android:versionName="1.3" >
6
7    <uses-sdk
8        android:minSdkVersion="26"
9        android:targetSdkVersion="34" />
10
11    <uses-permission android:name="android.permission.INTERNET" />
11-->src/main/AndroidManifest.xml:4:5-67
11-->src/main/AndroidManifest.xml:4:22-64
12    <uses-permission android:name="android.permission.POST_NOTIFICATIONS" />
12-->src/main/AndroidManifest.xml:5:5-77
12-->src/main/AndroidManifest.xml:5:22-74
13
14    <application
14-->src/main/AndroidManifest.xml:7:5-24:19
15        android:extractNativeLibs="false"
16        android:hardwareAccelerated="true"
16-->src/main/AndroidManifest.xml:11:9-43
17        android:icon="@mipmap/ic_launcher"
17-->src/main/AndroidManifest.xml:9:9-43
18        android:label="@string/app_name"
18-->src/main/AndroidManifest.xml:8:9-41
19        android:supportsRtl="true"
19-->src/main/AndroidManifest.xml:12:9-35
20        android:theme="@style/Theme.Orbit" >
20-->src/main/AndroidManifest.xml:10:9-43
21        <activity
21-->src/main/AndroidManifest.xml:14:9-23:20
22            android:name="com.orbit.schedule.MainActivity"
22-->src/main/AndroidManifest.xml:15:13-41
23            android:configChanges="orientation|screenSize|screenLayout|keyboardHidden|uiMode"
23-->src/main/AndroidManifest.xml:18:13-94
24            android:exported="true"
24-->src/main/AndroidManifest.xml:16:13-36
25            android:launchMode="singleTask" >
25-->src/main/AndroidManifest.xml:17:13-44
26            <intent-filter>
26-->src/main/AndroidManifest.xml:19:13-22:29
27                <action android:name="android.intent.action.MAIN" />
27-->src/main/AndroidManifest.xml:20:17-69
27-->src/main/AndroidManifest.xml:20:25-66
28
29                <category android:name="android.intent.category.LAUNCHER" />
29-->src/main/AndroidManifest.xml:21:17-77
29-->src/main/AndroidManifest.xml:21:27-74
30            </intent-filter>
31        </activity>
32    </application>
33
34</manifest>